Daemon process terminated and closed the connection

Messages from the log:
     6 |     ""
  >  7 |   },
       |   ^
     8 |   "private": true,
     9 |   "dependencies": {
    10 |     "@swc/helpers": "~0.5.2",
  
      at parseJson (/Users/asubbotin/projects/design-system/node_modules/nx/src/utils/json.js:25:15)
      at readJsonFile (/Users/asubbotin/projects/design-system/node_modules/nx/src/utils/fileutils.js:22:37)
      at jsPluginConfig (/Users/asubbotin/projects/design-system/node_modules/nx/src/plugins/js/utils/config.js:32:54)
      at exports.createNodes (/Users/asubbotin/projects/design-system/node_modules/nx/src/plugins/js/index.js:23:58)
      at buildProjectsConfigurationsFromProjectPathsAndPlugins (/Users/asubbotin/projects/design-system/node_modules/nx/src/project-graph/utils/project-configuration-utils.js:148:29)
      at createProjectConfigurations (/Users/asubbotin/projects/design-system/node_modules/nx/src/project-graph/utils/retrieve-workspace-files.js:89:156)
      at _retrieveProjectConfigurations (/Users/asubbotin/projects/design-system/node_modules/nx/src/project-graph/utils/retrieve-workspace-files.js:61:12)
      at retrieveProjectConfigurations (/Users/asubbotin/projects/design-system/node_modules/nx/src/project-graph/utils/retrieve-workspace-files.js:46:12)
      at processTicksAndRejections (node:internal/process/task_queues:96:5)
      at async processFilesAndCreateAndSerializeProjectGraph (/Users/asubbotin/projects/design-system/node_modules/nx/src/daemon/server/project-graph-incremental-recomputation.js:140:28)
}
[NX Daemon Server] - 2024-02-19T05:38:13.052Z - Done responding to the client null



More information: /Users/asubbotin/projects/design-system/.nx/cache/d/daemon.log